<?xml version="1.0" encoding="UTF-8"?>
<testsuite xmlns:xsi="http://www.w3.org/2001/XMLSchema-instance" xsi:noNamespaceSchemaLocation="https://maven.apache.org/surefire/maven-failsafe-plugin/xsd/failsafe-test-report.xsd" name="org.opendatakit.aggregate.odktables.api.TableServiceTestIT" time="7.747" tests="6" errors="0" skipped="0" failures="0">
  <properties>
[...]
</properties>
  <testcase name="testCreateTableAlreadyExists" classname="org.opendatakit.aggregate.odktables.api.TableServiceTestIT" time="1.26"/>
  <testcase name="testGetTable" classname="org.opendatakit.aggregate.odktables.api.TableServiceTestIT" time="1.246"/>
  <testcase name="testCreateTable" classname="org.opendatakit.aggregate.odktables.api.TableServiceTestIT" time="1.215"/>
  <testcase name="testGetTableDoesNotExist" classname="org.opendatakit.aggregate.odktables.api.TableServiceTestIT" time="0.024"/>
  <testcase name="testGetTablesEmpty" classname="org.opendatakit.aggregate.odktables.api.TableServiceTestIT" time="0.036"/>
  <testcase name="testCreateTableTwice" classname="org.opendatakit.aggregate.odktables.api.TableServiceTestIT" time="1.249"/>
</testsuite>